2022-01-08 11:54:18.376 INFO [main] [sampleXmlReader.App.main(App.java:20)] - APP_STARTED
2022-01-08 11:54:18.378 INFO [main] [sampleXmlReader.App.main(App.java:21)] - APP_FINISHED
2022-01-08 12:29:49.390 INFO [main] [sampleXmlReader.App.main(App.java:20)] - APP_STARTED
2022-01-08 12:32:07.587 INFO [main] [sampleXmlReader.App.main(App.java:20)] - APP_STARTED
2022-01-08 12:32:07.608 INFO [main] [sampleXmlReader.XmlParser.writeToXml(XmlParser.java:102)] - subject document is null
2022-01-08 12:32:07.608 INFO [main] [sampleXmlReader.App.main(App.java:25)] - APP_FINISHED
2022-01-08 12:33:38.384 INFO [main] [sampleXmlReader.App.main(App.java:20)] - APP_STARTED
2022-01-08 12:33:38.388 INFO [main] [sampleXmlReader.XmlParser.createDocument(XmlParser.java:61)] - SourceFile:./resources/input.xml
2022-01-08 12:33:38.408 INFO [main] [sampleXmlReader.XmlParser.writeToXml(XmlParser.java:103)] - subject document is null
2022-01-08 12:33:38.409 INFO [main] [sampleXmlReader.App.main(App.java:25)] - APP_FINISHED
2022-01-08 12:34:12.103 INFO [main] [sampleXmlReader.App.main(App.java:20)] - APP_STARTED
2022-01-08 12:34:12.107 INFO [main] [sampleXmlReader.XmlParser.createDocument(XmlParser.java:61)] - SourceFile:./resources/input.xml
2022-01-08 12:34:12.128 INFO [main] [sampleXmlReader.XmlParser.writeToXml(XmlParser.java:104)] - subject document is null
2022-01-08 12:34:12.128 INFO [main] [sampleXmlReader.App.main(App.java:25)] - APP_FINISHED
2022-01-08 12:34:42.801 INFO [main] [sampleXmlReader.App.main(App.java:20)] - APP_STARTED
2022-01-08 12:34:42.806 INFO [main] [sampleXmlReader.XmlParser.createDocument(XmlParser.java:61)] - SourceFile:./resources/input.xml
2022-01-08 12:34:42.825 INFO [main] [sampleXmlReader.XmlParser.createDocument(XmlParser.java:77)] - I here
2022-01-08 12:34:42.826 INFO [main] [sampleXmlReader.XmlParser.writeToXml(XmlParser.java:104)] - subject document is null
2022-01-08 12:34:42.826 INFO [main] [sampleXmlReader.App.main(App.java:25)] - APP_FINISHED
2022-01-08 12:35:31.368 INFO [main] [sampleXmlReader.App.main(App.java:20)] - APP_STARTED
2022-01-08 12:35:31.372 INFO [main] [sampleXmlReader.XmlParser.createDocument(XmlParser.java:61)] - SourceFile:./resources/input.xml
2022-01-08 12:35:31.393 ERROR [main] [sampleXmlReader.XmlParser.createDocument(XmlParser.java:77)] - Error during loading document
2022-01-08 12:35:31.393 INFO [main] [sampleXmlReader.XmlParser.writeToXml(XmlParser.java:104)] - subject document is null
2022-01-08 12:35:31.393 INFO [main] [sampleXmlReader.App.main(App.java:25)] - APP_FINISHED
2022-01-08 12:36:14.381 INFO [main] [sampleXmlReader.App.main(App.java:20)] - APP_STARTED
2022-01-08 12:36:14.385 INFO [main] [sampleXmlReader.XmlParser.createDocument(XmlParser.java:61)] - SourceFile:./resources/input.xml
2022-01-08 12:36:14.402 ERROR [main] [sampleXmlReader.XmlParser.createDocument(XmlParser.java:77)] - Error during loading document
java.io.FileNotFoundException: C:\Users\user\eclipse-workspace\sampleXmlReader\databaseQueryTemplate.dtd (The system cannot find the file specified)
	at java.io.FileInputStream.open0(Native Method) ~[?:1.8.0_261]
	at java.io.FileInputStream.open(Unknown Source) ~[?:1.8.0_261]
	at java.io.FileInputStream.<init>(Unknown Source) ~[?:1.8.0_261]
	at java.io.FileInputStream.<init>(Unknown Source) ~[?:1.8.0_261]
	at sun.net.www.protocol.file.FileURLConnection.connect(Unknown Source) ~[?:1.8.0_261]
	at sun.net.www.protocol.file.FileURLConnection.getInputStream(Unknown Source) ~[?:1.8.0_261]
	at com.sun.org.apache.xerces.internal.impl.XMLEntityManager.setupCurrentEntity(Unknown Source) ~[?:1.8.0_261]
	at com.sun.org.apache.xerces.internal.impl.XMLEntityManager.startEntity(Unknown Source) ~[?:1.8.0_261]
	at com.sun.org.apache.xerces.internal.impl.XMLEntityManager.startDTDEntity(Unknown Source) ~[?:1.8.0_261]
	at com.sun.org.apache.xerces.internal.impl.XMLDTDScannerImpl.setInputSource(Unknown Source) ~[?:1.8.0_261]
	at com.sun.org.apache.xerces.internal.impl.XMLDocumentScannerImpl$DTDDriver.dispatch(Unknown Source) ~[?:1.8.0_261]
	at com.sun.org.apache.xerces.internal.impl.XMLDocumentScannerImpl$DTDDriver.next(Unknown Source) ~[?:1.8.0_261]
	at com.sun.org.apache.xerces.internal.impl.XMLDocumentScannerImpl$PrologDriver.next(Unknown Source) ~[?:1.8.0_261]
	at com.sun.org.apache.xerces.internal.impl.XMLDocumentScannerImpl.next(Unknown Source) ~[?:1.8.0_261]
	at com.sun.org.apache.xerces.internal.impl.XMLNSDocumentScannerImpl.next(Unknown Source) ~[?:1.8.0_261]
	at com.sun.org.apache.xerces.internal.impl.XMLDocumentFragmentScannerImpl.scanDocument(Unknown Source) ~[?:1.8.0_261]
	at com.sun.org.apache.xerces.internal.parsers.XML11Configuration.parse(Unknown Source) ~[?:1.8.0_261]
	at com.sun.org.apache.xerces.internal.parsers.XML11Configuration.parse(Unknown Source) ~[?:1.8.0_261]
	at com.sun.org.apache.xerces.internal.parsers.XMLParser.parse(Unknown Source) ~[?:1.8.0_261]
	at com.sun.org.apache.xerces.internal.parsers.DOMParser.parse(Unknown Source) ~[?:1.8.0_261]
	at com.sun.org.apache.xerces.internal.jaxp.DocumentBuilderImpl.parse(Unknown Source) ~[?:1.8.0_261]
	at sampleXmlReader.XmlParser.createDocument(XmlParser.java:70) [classes/:?]
	at sampleXmlReader.App.main(App.java:23) [classes/:?]
2022-01-08 12:36:14.408 INFO [main] [sampleXmlReader.XmlParser.writeToXml(XmlParser.java:104)] - subject document is null
2022-01-08 12:36:14.408 INFO [main] [sampleXmlReader.App.main(App.java:25)] - APP_FINISHED
2022-01-08 12:36:42.734 INFO [main] [sampleXmlReader.App.main(App.java:20)] - APP_STARTED
2022-01-08 12:36:42.739 INFO [main] [sampleXmlReader.XmlParser.createDocument(XmlParser.java:61)] - SourceFile:./resources/input.xml
2022-01-08 12:36:42.758 INFO [main] [sampleXmlReader.XmlParser.createDocument(XmlParser.java:71)] - document
2022-01-08 12:37:40.381 INFO [main] [sampleXmlReader.App.main(App.java:20)] - APP_STARTED
2022-01-08 12:37:40.385 INFO [main] [sampleXmlReader.XmlParser.createDocument(XmlParser.java:61)] - SourceFile:./resources/input.xml
2022-01-08 12:37:40.405 INFO [main] [sampleXmlReader.XmlParser.createDocument(XmlParser.java:71)] - document
2022-01-08 12:37:40.455 INFO [main] [sampleXmlReader.XmlParser.writeToXml(XmlParser.java:93)] - outputName:null
2022-01-08 12:38:26.470 INFO [main] [sampleXmlReader.App.main(App.java:20)] - APP_STARTED
2022-01-08 12:38:26.474 INFO [main] [sampleXmlReader.XmlParser.createDocument(XmlParser.java:61)] - SourceFile:./resources/input.xml
2022-01-08 12:38:26.494 INFO [main] [sampleXmlReader.XmlParser.createDocument(XmlParser.java:71)] - document
2022-01-08 12:38:26.542 INFO [main] [sampleXmlReader.XmlParser.writeToXml(XmlParser.java:93)] - outputName:output.xml
2022-01-08 12:38:26.566 INFO [main] [sampleXmlReader.App.main(App.java:26)] - APP_FINISHED
2022-01-08 12:46:08.310 INFO [main] [sampleXmlReader.App.main(App.java:20)] - APP_STARTED
2022-01-08 12:46:08.313 INFO [main] [sampleXmlReader.XmlParser.createDocument(XmlParser.java:62)] - SourceFile:./resources/input.xml
2022-01-08 12:46:08.332 INFO [main] [sampleXmlReader.XmlParser.createDocument(XmlParser.java:72)] - document
2022-01-08 12:46:08.358 INFO [main] [sampleXmlReader.App.main(App.java:26)] - APP_FINISHED
2022-01-08 12:56:57.344 INFO [main] [sampleXmlReader.App.main(App.java:20)] - APP_STARTED
2022-01-08 12:56:57.347 INFO [main] [sampleXmlReader.XmlParser.createDocument(XmlParser.java:68)] - SourceFile:./resources/input.xml
2022-01-08 12:56:57.367 INFO [main] [sampleXmlReader.XmlParser.createDocument(XmlParser.java:78)] - document
2022-01-08 12:56:57.380 INFO [main] [sampleXmlReader.XmlParser.getQuery(XmlParser.java:113)] - START:1
2022-01-08 12:56:57.380 INFO [main] [sampleXmlReader.XmlParser.getQuery(XmlParser.java:120)] - got something
2022-01-08 12:56:57.404 INFO [main] [sampleXmlReader.App.main(App.java:27)] - APP_FINISHED
2022-01-08 12:58:36.760 INFO [main] [sampleXmlReader.App.main(App.java:20)] - APP_STARTED
2022-01-08 12:58:36.765 INFO [main] [sampleXmlReader.XmlParser.createDocument(XmlParser.java:68)] - SourceFile:./resources/input.xml
2022-01-08 12:58:36.784 INFO [main] [sampleXmlReader.XmlParser.createDocument(XmlParser.java:78)] - document
2022-01-08 12:58:36.797 INFO [main] [sampleXmlReader.XmlParser.getQuery(XmlParser.java:113)] - START:1
2022-01-08 12:58:36.797 INFO [main] [sampleXmlReader.XmlParser.getQuery(XmlParser.java:120)] - got something
2022-01-08 12:58:36.819 INFO [main] [sampleXmlReader.App.main(App.java:27)] - APP_FINISHED
2022-01-08 12:59:14.085 INFO [main] [sampleXmlReader.App.main(App.java:20)] - APP_STARTED
2022-01-08 12:59:14.089 INFO [main] [sampleXmlReader.XmlParser.createDocument(XmlParser.java:68)] - SourceFile:./resources/input.xml
2022-01-08 12:59:14.108 INFO [main] [sampleXmlReader.XmlParser.createDocument(XmlParser.java:78)] - document
2022-01-08 12:59:14.119 INFO [main] [sampleXmlReader.XmlParser.getQuery(XmlParser.java:113)] - START:1
2022-01-08 12:59:14.119 INFO [main] [sampleXmlReader.XmlParser.getQuery(XmlParser.java:118)] - ResultQuery:
2022-01-08 12:59:14.120 INFO [main] [sampleXmlReader.XmlParser.getQuery(XmlParser.java:120)] - got something
2022-01-08 12:59:14.148 INFO [main] [sampleXmlReader.App.main(App.java:27)] - APP_FINISHED
2022-01-08 12:59:54.755 INFO [main] [sampleXmlReader.App.main(App.java:20)] - APP_STARTED
2022-01-08 12:59:54.759 INFO [main] [sampleXmlReader.XmlParser.createDocument(XmlParser.java:68)] - SourceFile:./resources/input.xml
2022-01-08 12:59:54.780 INFO [main] [sampleXmlReader.XmlParser.createDocument(XmlParser.java:78)] - document
2022-01-08 12:59:54.791 INFO [main] [sampleXmlReader.XmlParser.getQuery(XmlParser.java:113)] - START:1
2022-01-08 12:59:54.792 INFO [main] [sampleXmlReader.XmlParser.getQuery(XmlParser.java:118)] - ResultQuery:sssd
2022-01-08 12:59:54.792 INFO [main] [sampleXmlReader.XmlParser.getQuery(XmlParser.java:120)] - got something
2022-01-08 12:59:54.815 INFO [main] [sampleXmlReader.App.main(App.java:27)] - APP_FINISHED
2022-01-08 13:00:35.206 INFO [main] [sampleXmlReader.App.main(App.java:20)] - APP_STARTED
2022-01-08 13:00:35.210 INFO [main] [sampleXmlReader.XmlParser.createDocument(XmlParser.java:68)] - SourceFile:./resources/input.xml
2022-01-08 13:00:35.231 INFO [main] [sampleXmlReader.XmlParser.createDocument(XmlParser.java:78)] - document
2022-01-08 13:00:35.242 INFO [main] [sampleXmlReader.XmlParser.getQuery(XmlParser.java:113)] - START:1
2022-01-08 13:00:35.242 INFO [main] [sampleXmlReader.XmlParser.getQuery(XmlParser.java:118)] - ResultQuery:insert into report_sp
2022-01-08 13:00:35.242 INFO [main] [sampleXmlReader.XmlParser.getQuery(XmlParser.java:120)] - got something
2022-01-08 13:00:35.267 INFO [main] [sampleXmlReader.App.main(App.java:27)] - APP_FINISHED
